build/app/outputs/mapping/release/usage.txt
cpp.edu.cs4750.noe.stemcompanion.steam_companion.R$color
cpp.edu.cs4750.noe.stemcompanion.steam_companion.R
cpp.edu.cs4750.noe.stemcompanion.steam_companion.R$attr
cpp.edu.cs4750.noe.stemcompanion.steam_companion.R$id
cpp.edu.cs4750.noe.stemcompanion.steam_companion.R$style
cpp.edu.cs4750.noe.stemcompanion.steam_companion.R$drawable
cpp.edu.cs4750.noe.stemcompanion.steam_companion.R$styleable
cpp.edu.cs4750.noe.stemcompanion.steam_companion.R$dimen
cpp.edu.cs4750.noe.stemcompanion.steam_companion.R$integer
cpp.edu.cs4750.noe.stemcompanion.steam_companion.R$string
cpp.edu.cs4750.noe.stemcompanion.steam_companion.BuildConfig
cpp.edu.cs4750.noe.stemcompanion.steam_companion.R$layout
cpp.edu.cs4750.noe.stemcompanion.steam_companion.R$mipmap
...
io.flutter.view.AccessibilityBridge:
    public int getHoveredObjectId()
    public void reset()
    private static final java.lang.String TAG
    private static final int ACTION_SHOW_ON_SCREEN
    private static final float SCROLL_EXTENT_FOR_INFINITY
    private static final float SCROLL_POSITION_CAP_FOR_INFINITY
    private static final int ROOT_NODE_ID
    private static final int MIN_ENGINE_GENERATED_NODE_ID
kotlin.NumbersKt
io.flutter.plugin.common.EventChannel$StreamHandler
kotlin.jvm.internal.Ref$DoubleRef
org.intellij.lang.annotations.JdkConstants$InputEventMask
kotlin.annotation.AnnotationTarget
androidx.fragment.app.FragmentTransitionImpl$3
androidx.core.provider.FontsContractCompat$FontInfo
org.intellij.lang.annotations.JdkConstants$HorizontalAlignment
androidx.core.widget.NestedScrollView$SavedState
kotlin.ResultKt
androidx.core.view.OnReceiveContentViewBehavior
androidx.annotation.RequiresFeature
androidx.core.os.ParcelCompat
androidx.core.view.ViewPropertyAnimatorUpdateListener
androidx.core.location.GpsStatusWrapper
androidx.annotation.Px
kotlin.jvm.internal.MutablePropertyReference2
androidx.customview.widget.ViewDragHelper$Callback
androidx.core.net.MailTo
androidx.core.R$id
androidx.core.view.WindowInsetsCompat$BuilderImpl20
org.intellij.lang.annotations.JdkConstants$PatternFlags
androidx.fragment.app.BackStackState
androidx.viewpager.widget.PagerTabStrip$1
androidx.core.content.PermissionChecker$PermissionResult
kotlin.collections.EmptyMap
androidx.core.location.LocationManagerCompat$Api30Impl$1
kotlin.sequences.SequencesKt___SequencesKt$minus$4$iterator$1
androidx.core.app.ActivityCompat$SharedElementCallback21Impl$1
androidx.customview.R$drawable
androidx.core.app.NotificationManagerCompat$Task
androidx.core.os.ConfigurationCompat
androidx.core.util.Supplier
androidx.core.view.WindowCompat
kotlin.comparisons.ComparisonsKt__ComparisonsKt$compareBy$2
kotlin.text.StringsKt___StringsKt$asSequence$$inlined$Sequence$1
kotlin.coroutines.jvm.internal.SuspendLambda
kotlin.jvm.internal.Reflection
androidx.fragment.R
androidx.annotation.StringRes
kotlin.collections.ArraysKt___ArraysJvmKt$asList$2
androidx.lifecycle.OnLifecycleEvent
kotlin.collections.ArraysKt__ArraysKt
kotlin.reflect.KVisibility
io.flutter.embedding.engine.systemchannels.LifecycleChannel:
    private static final java.lang.String TAG
androidx.core.app.NotificationManagerCompat$ServiceConnectedEvent
kotlin.coroutines.SafeContinuation$Companion
kotlin.SinceKotlin
io.flutter.view.FlutterView$Provider
kotlin.TuplesKt
org.jetbrains.annotations.NonNls
kotlin.text.FlagEnum
androidx.core.content.SharedPreferencesCompat$EditorCompat$Helper
androidx.core.view.inputmethod.InputConnectionCompat$2
kotlin.coroutines.SafeContinuation
androidx.core.view.DragStartHelper$1
androidx.core.view.accessibility.AccessibilityManagerCompat$AccessibilityStateChangeListenerWrapper
io.flutter.embedding.engine.systemchannels.LocalizationChannel:
    private static final java.lang.String TAG
androidx.core.app.JobIntentService$WorkEnqueuer
kotlin.sequences.SequencesKt__SequenceBuilderKt
io.flutter.embedding.engine.systemchannels.AccessibilityChannel:
    private static final java.lang.String TAG
kotlin.io.FileSystemException
io.flutter.embedding.android.AndroidTouchProcessor$PointerChange
androidx.core.hardware.fingerprint.FingerprintManagerCompat$AuthenticationResult
kotlin.jvm.internal.ByteCompanionObject
kotlin.time.AbstractLongClock$LongClockMark
androidx.lifecycle.LifecycleRegistryOwner
kotlin.reflect.KParameter$Kind
androidx.fragment.app.Fragment$SavedState
kotlin.random.PlatformRandomKt
androidx.core.provider.CallbackWithHandler
kotlin.text.TypeAliasesKt
kotlin.text.RegexKt$fromInt$$inlined$apply$lambda$1
androidx.core.app.NotificationCompat$InboxStyle
androidx.core.widget.TintableImageSourceView
kotlin.time.MonoClock
kotlin.io.FileTreeWalk$FileTreeWalkIterator$BottomUpDirectoryState
androidx.annotation.experimental.Experimental
kotlin.DslMarker